2130706433 2130706433 6 50021 60000 24
2130706433 2130706433 6 50020 60000 24
2130706433 2130706433 6 50023 60000 24
2130706433 2130706433 6 50022 60000 24
2130706433 2130706433 6 60000 50002 22
2130706433 2130706433 6 50025 60000 24
2130706433 2130706433 6 60000 50003 22
2130706433 2130706433 6 60000 50000 22
2130706433 2130706433 6 60000 50001 22
2130706433 2130706433 6 50024 60000 24
2130706433 2130706433 6 60000 50006 22
2130706433 2130706433 6 50027 60000 24
2130706433 2130706433 6 60000 50007 22
2130706433 2130706433 6 60000 50004 22
2130706433 2130706433 6 50026 60000 24
2130706433 2130706433 6 60000 50005 22
2130706433 2130706433 6 60000 50009 22
2130706433 2130706433 6 50029 60000 24
2130706433 2130706433 6 60000 50010 22
2130706433 2130706433 6 50028 60000 24
2130706433 2130706433 6 60000 50008 22
2130706433 2130706433 6 60000 50013 22
2130706433 2130706433 6 50031 60000 24
2130706433 2130706433 6 60000 50014 22
2130706433 2130706433 6 60000 50011 22
2130706433 2130706433 6 50030 60000 24
2130706433 2130706433 6 60000 50012 22
2130706433 2130706433 6 60000 50017 22
2130706433 2130706433 6 50033 60000 24
2130706433 2130706433 6 50000 60000 24
2130706433 2130706433 6 60000 50018 22
2130706433 2130706433 6 60000 50015 22
2130706433 2130706433 6 50032 60000 24
2130706433 2130706433 6 60000 50016 22
2130706433 2130706433 6 50002 60000 24
2130706433 2130706433 6 50035 60000 24
2130706433 2130706433 6 60000 50021 22
2130706433 2130706433 6 60000 50022 22
2130706433 2130706433 6 50001 60000 24
2130706433 2130706433 6 50034 60000 24
2130706433 2130706433 6 60000 50019 22
2130706433 2130706433 6 60000 50020 22
2130706433 2130706433 6 50004 60000 24
2130706433 2130706433 6 50037 60000 24
2130706433 2130706433 6 60000 50024 22
2130706433 2130706433 6 60000 50025 22
2130706433 2130706433 6 50003 60000 24
2130706433 2130706433 6 50036 60000 24
2130706433 2130706433 6 60000 50023 22
2130706433 2130706433 6 50006 60000 24
2130706433 2130706433 6 50039 60000 24
2130706433 2130706433 6 60000 50028 22
2130706433 2130706433 6 60000 50029 22
2130706433 2130706433 6 50005 60000 24
2130706433 2130706433 6 50038 60000 24
2130706433 2130706433 6 60000 50026 22
2130706433 2130706433 6 60000 50027 22
2130706433 2130706433 6 60000 50032 22
2130706433 2130706433 6 50008 60000 24
2130706433 2130706433 6 60000 50033 22
2130706433 2130706433 6 50009 60000 24
2130706433 2130706433 6 50007 60000 24
2130706433 2130706433 6 60000 50030 22
2130706433 2130706433 6 60000 50031 22
2130706433 2130706433 6 60000 50036 22
2130706433 2130706433 6 60000 50037 22
2130706433 2130706433 6 50011 60000 24
2130706433 2130706433 6 60000 50034 22
2130706433 2130706433 6 60000 50035 22
2130706433 2130706433 6 50010 60000 24
2130706433 2130706433 6 50013 60000 24
2130706433 2130706433 6 60000 50038 22
2130706433 2130706433 6 60000 50039 22
2130706433 2130706433 6 50012 60000 24
2130706433 2130706433 6 50015 60000 24
2130706433 2130706433 6 50014 60000 24
2130706433 2130706433 6 50017 60000 24
2130706433 2130706433 6 50016 60000 24
2130706433 2130706433 6 50019 60000 24
2130706433 2130706433 6 50018 60000 24
